TN:
SF:C:/Users/stocker/Desktop/token/contracts/SafeUpgradeableTokenERC20.sol
FN:54,constructor
FN:69,onlyUpgradeMaster
FN:77,validateAddress
FN:86,upgrade
FN:102,upgradeFrom
FN:111,setUpgradeAgent
FN:124,getUpgradeState
FN:140,setUpgradeMaster
FN:151,recoverToken
FN:162,reclaimContract
FN:173,tokenFallback
FN:186,recoverEther
FNF:12
FNH:12
FNDA:294,constructor
FNDA:67,onlyUpgradeMaster
FNDA:131,validateAddress
FNDA:67,upgrade
FNDA:64,upgradeFrom
FNDA:54,setUpgradeAgent
FNDA:125,getUpgradeState
FNDA:1,setUpgradeMaster
FNDA:7,recoverToken
FNDA:5,reclaimContract
FNDA:1,tokenFallback
FNDA:3,recoverEther
DA:58,294
DA:59,294
DA:61,294
DA:62,229
DA:70,67
DA:71,63
DA:78,131
DA:79,125
DA:80,119
DA:87,67
DA:88,67
DA:89,63
DA:92,59
DA:93,55
DA:94,55
DA:97,55
DA:103,64
DA:104,62
DA:105,60
DA:112,54
DA:114,52
DA:115,52
DA:118,52
DA:125,125
DA:126,53
DA:128,46
DA:130,23
DA:132,3
DA:141,1
DA:152,7
DA:153,5
DA:154,3
DA:163,5
DA:175,1
DA:176,1
DA:177,1
DA:178,1
DA:187,3
DA:188,1
LF:39
LH:39
BRDA:61,1,0,229
BRDA:61,1,1,65
BRDA:70,2,0,63
BRDA:70,2,1,4
BRDA:78,3,0,125
BRDA:78,3,1,6
BRDA:79,4,0,119
BRDA:79,4,1,6
BRDA:88,5,0,63
BRDA:88,5,1,4
BRDA:89,6,0,59
BRDA:89,6,1,4
BRDA:103,7,0,62
BRDA:103,7,1,2
BRDA:104,8,0,60
BRDA:104,8,1,2
BRDA:112,9,0,52
BRDA:112,9,1,2
BRDA:118,10,0,48
BRDA:118,10,1,4
BRDA:125,11,0,53
BRDA:125,11,1,72
BRDA:127,12,0,46
BRDA:127,12,1,26
BRDA:129,13,0,23
BRDA:129,13,1,3
BRDA:153,14,0,3
BRDA:153,14,1,2
BRDA:187,15,0,1
BRDA:187,15,1,2
BRF:30
BRH:30
end_of_record
TN:
SF:C:/Users/stocker/Desktop/token/contracts/SafeUpgradeableTokenERC20DependenciesContracts.sol
FN:20,constructor
FN:28,owner
FN:35,onlyOwner
FN:43,isOwner
FN:51,transferOwnership
FN:59,_transferOwnership
FN:92,totalSupply
FN:101,balanceOf
FN:111,allowance
FN:120,transfer
FN:134,approve
FN:157,transferFrom
FN:176,increaseAllowance
FN:193,decreaseAllowance
FN:212,_transfer
FN:229,_mint
FN:245,_burn
FN:260,_approve
FN:276,_burnFrom
FN:292,constructor
FN:296,onlyPauser
FN:301,isPauser
FN:305,addPauser
FN:309,removePauser
FN:313,_addPauser
FN:319,_removePauser
FN:337,constructor
FN:344,paused
FN:351,whenNotPaused
FN:359,whenPaused
FN:367,pause
FN:375,unpause
FN:386,transfer
FN:390,transferFrom
FN:394,approve
FN:398,increaseAllowance
FN:402,decreaseAllowance
FN:418,constructor
FN:427,name
FN:434,symbol
FN:441,decimals
FN:454,isUpgradeAgent
FNF:42
FNH:42
FNDA:294,constructor
FNDA:2,owner
FNDA:30,onlyOwner
FNDA:36,isOwner
FNDA:5,transferOwnership
FNDA:5,_transferOwnership
FNDA:49,totalSupply
FNDA:67,balanceOf
FNDA:30,allowance
FNDA:30,transfer
FNDA:61,approve
FNDA:24,transferFrom
FNDA:10,increaseAllowance
FNDA:16,decreaseAllowance
FNDA:64,_transfer
FNDA:296,_mint
FNDA:85,_burn
FNDA:105,_approve
FNDA:16,_burnFrom
FNDA:294,constructor
FNDA:81,onlyPauser
FNDA:129,isPauser
FNDA:20,addPauser
FNDA:10,removePauser
FNDA:314,_addPauser
FNDA:10,_removePauser
FNDA:294,constructor
FNDA:53,paused
FNDA:186,whenNotPaused
FNDA:10,whenPaused
FNDA:33,pause
FNDA:8,unpause
FNDA:30,transfer
FNDA:24,transferFrom
FNDA:61,approve
FNDA:10,increaseAllowance
FNDA:16,decreaseAllowance
FNDA:294,constructor
FNDA:1,name
FNDA:1,symbol
FNDA:1,decimals
FNDA:48,isUpgradeAgent
DA:21,294
DA:22,294
DA:29,2
DA:36,30
DA:37,20
DA:44,36
DA:52,5
DA:60,5
DA:61,3
DA:62,3
DA:63,3
DA:93,49
DA:102,67
DA:112,30
DA:121,30
DA:122,26
DA:141,61
DA:144,57
DA:145,55
DA:158,24
DA:159,12
DA:160,12
DA:161,8
DA:163,10
DA:177,10
DA:178,10
DA:179,8
DA:194,16
DA:195,16
DA:196,10
DA:197,10
DA:198,4
DA:200,6
DA:202,10
DA:203,10
DA:213,64
DA:214,60
DA:215,54
DA:217,54
DA:218,42
DA:219,42
DA:230,296
DA:231,294
DA:232,294
DA:234,290
DA:235,290
DA:236,290
DA:246,85
DA:247,81
DA:249,81
DA:250,77
DA:251,73
DA:261,105
DA:262,103
DA:264,97
DA:265,97
DA:277,16
DA:278,12
DA:293,294
DA:297,81
DA:298,76
DA:302,129
DA:306,20
DA:310,10
DA:314,314
DA:315,314
DA:316,310
DA:320,10
DA:321,8
DA:322,8
DA:323,4
DA:338,294
DA:345,53
DA:352,186
DA:353,174
DA:360,10
DA:361,8
DA:368,33
DA:369,33
DA:376,8
DA:377,8
DA:387,30
DA:391,24
DA:395,61
DA:399,10
DA:403,16
DA:419,294
DA:420,294
DA:421,294
DA:428,1
DA:435,1
DA:442,1
DA:455,48
LF:93
LH:93
BRDA:36,1,0,20
BRDA:36,1,1,10
BRDA:60,2,0,3
BRDA:60,2,1,2
BRDA:61,3,0,3
BRDA:61,3,1,0
BRDA:141,4,0,57
BRDA:141,4,1,4
BRDA:160,5,0,8
BRDA:160,5,1,4
BRDA:177,6,0,10
BRDA:177,6,1,0
BRDA:194,7,0,16
BRDA:194,7,1,0
BRDA:195,8,0,10
BRDA:195,8,1,6
BRDA:197,9,0,4
BRDA:197,9,1,6
BRDA:213,10,0,60
BRDA:213,10,1,4
BRDA:214,11,0,54
BRDA:214,11,1,6
BRDA:215,12,0,54
BRDA:215,12,1,0
BRDA:230,13,0,294
BRDA:230,13,1,2
BRDA:231,14,0,294
BRDA:231,14,1,0
BRDA:232,15,0,290
BRDA:232,15,1,4
BRDA:246,16,0,81
BRDA:246,16,1,4
BRDA:247,17,0,81
BRDA:247,17,1,0
BRDA:261,18,0,103
BRDA:261,18,1,2
BRDA:262,19,0,97
BRDA:262,19,1,6
BRDA:297,20,0,76
BRDA:297,20,1,5
BRDA:320,21,0,8
BRDA:320,21,1,2
BRDA:352,22,0,174
BRDA:352,22,1,12
BRDA:360,23,0,8
BRDA:360,23,1,2
BRF:46
BRH:40
end_of_record
TN:
SF:C:/Users/stocker/Desktop/token/contracts/SafeUpgradeableTokenERC20DependenciesLibrariesAndInterfaces.sol
FN:33,mul
FN:50,div
FN:62,sub
FN:72,add
FN:83,mod
FN:101,add
FN:109,remove
FN:118,has
FN:136,isContract
FN:164,safeTransfer
FN:168,safeTransferFrom
FN:172,safeApprove
FN:183,safeIncreaseAllowance
FN:188,safeDecreaseAllowance
FN:199,callOptionalReturn
FNF:15
FNH:8
FNDA:0,mul
FNDA:0,div
FNDA:244,sub
FNDA:1001,add
FNDA:0,mod
FNDA:314,add
FNDA:8,remove
FNDA:451,has
FNDA:3,isContract
FNDA:3,safeTransfer
FNDA:0,safeTransferFrom
FNDA:0,safeApprove
FNDA:0,safeIncreaseAllowance
FNDA:0,safeDecreaseAllowance
FNDA:3,callOptionalReturn
DA:37,0
DA:38,0
DA:41,0
DA:42,0
DA:44,0
DA:52,0
DA:53,0
DA:56,0
DA:63,244
DA:64,220
DA:66,220
DA:73,1001
DA:74,1001
DA:76,1001
DA:84,0
DA:85,0
DA:102,314
DA:103,310
DA:110,8
DA:111,4
DA:119,451
DA:120,446
DA:121,446
DA:137,3
DA:145,3
DA:146,3
DA:165,3
DA:169,0
DA:177,0
DA:180,0
DA:184,0
DA:185,0
DA:189,0
DA:190,0
DA:208,3
DA:211,3
DA:212,3
DA:214,1
DA:216,1
LF:39
LH:22
BRDA:37,1,0,0
BRDA:37,1,1,0
BRDA:42,2,0,0
BRDA:42,2,1,0
BRDA:52,3,0,0
BRDA:52,3,1,0
BRDA:63,4,0,220
BRDA:63,4,1,24
BRDA:74,5,0,1001
BRDA:74,5,1,0
BRDA:84,6,0,0
BRDA:84,6,1,0
BRDA:102,7,0,310
BRDA:102,7,1,4
BRDA:110,8,0,4
BRDA:110,8,1,4
BRDA:119,9,0,446
BRDA:119,9,1,5
BRDA:120,10,0,446
BRDA:120,10,1,0
BRDA:177,11,0,0
BRDA:177,11,1,0
BRDA:208,12,0,3
BRDA:208,12,1,0
BRDA:212,13,0,1
BRDA:212,13,1,2
BRDA:214,14,0,1
BRDA:214,14,1,0
BRDA:216,15,0,1
BRDA:216,15,1,0
BRF:30
BRH:15
end_of_record
TN:
SF:C:/Users/stocker/Desktop/token/contracts/SafeUpgradeableTokenERC20TestsMocks.sol
FN:6,constructor
FN:12,getPausersCount
FN:16,mint
FN:20,burn
FN:24,burnFrom
FN:28,transferInternal
FN:32,approveInternal
FN:36,onlyPauserMock
FN:40,upgradeFromRemote
FN:44,isOwnerRemote
FN:50,constructor
FN:55,
FN:59,kill
FN:66,constructor
FN:71,balanceOf
FNF:15
FNH:15
FNDA:294,constructor
FNDA:17,getPausersCount
FNDA:7,mint
FNDA:10,burn
FNDA:16,burnFrom
FNDA:10,transferInternal
FNDA:12,approveInternal
FNDA:1,onlyPauserMock
FNDA:5,upgradeFromRemote
FNDA:2,isOwnerRemote
FNDA:67,constructor
FNDA:5,
FNDA:1,kill
FNDA:2,constructor
FNDA:2,balanceOf
DA:13,17
DA:17,7
DA:21,10
DA:25,16
DA:29,10
DA:33,12
DA:41,5
DA:45,2
DA:52,67
DA:60,1
DA:61,1
DA:68,2
DA:72,2
LF:13
LH:13
BRDA:60,1,0,1
BRDA:60,1,1,0
BRF:2
BRH:1
end_of_record
