TN:
SF:C:/Users/stocker/Desktop/token/contracts/SafeUpgradeableTokenERC20.sol
FN:54,constructor
FN:69,onlyUpgradeMaster
FN:77,validateAddress
FN:86,upgrade
FN:102,upgradeFrom
FN:111,setUpgradeAgent
FN:124,getUpgradeState
FN:140,setUpgradeMaster
FN:151,recoverToken
FN:162,reclaimContract
FN:173,tokenFallback
FN:186,recoverEther
FNF:12
FNH:12
FNDA:303,constructor
FNDA:67,onlyUpgradeMaster
FNDA:131,validateAddress
FNDA:67,upgrade
FNDA:64,upgradeFrom
FNDA:54,setUpgradeAgent
FNDA:125,getUpgradeState
FNDA:1,setUpgradeMaster
FNDA:7,recoverToken
FNDA:5,reclaimContract
FNDA:1,tokenFallback
FNDA:3,recoverEther
DA:58,303
DA:59,303
DA:61,303
DA:62,238
DA:70,67
DA:71,63
DA:78,131
DA:79,125
DA:80,119
DA:87,67
DA:88,67
DA:89,63
DA:92,59
DA:93,55
DA:94,55
DA:97,55
DA:103,64
DA:104,62
DA:105,60
DA:112,54
DA:114,52
DA:115,52
DA:118,52
DA:125,125
DA:126,53
DA:128,46
DA:130,23
DA:132,3
DA:141,1
DA:152,7
DA:153,5
DA:154,3
DA:163,5
DA:175,1
DA:176,1
DA:177,1
DA:178,1
DA:187,3
DA:188,1
LF:39
LH:39
BRDA:61,1,0,238
BRDA:61,1,1,65
BRDA:70,2,0,63
BRDA:70,2,1,4
BRDA:78,3,0,125
BRDA:78,3,1,6
BRDA:79,4,0,119
BRDA:79,4,1,6
BRDA:88,5,0,63
BRDA:88,5,1,4
BRDA:89,6,0,59
BRDA:89,6,1,4
BRDA:103,7,0,62
BRDA:103,7,1,2
BRDA:104,8,0,60
BRDA:104,8,1,2
BRDA:112,9,0,52
BRDA:112,9,1,2
BRDA:118,10,0,48
BRDA:118,10,1,4
BRDA:125,11,0,53
BRDA:125,11,1,72
BRDA:127,12,0,46
BRDA:127,12,1,26
BRDA:129,13,0,23
BRDA:129,13,1,3
BRDA:153,14,0,3
BRDA:153,14,1,2
BRDA:187,15,0,1
BRDA:187,15,1,2
BRF:30
BRH:30
end_of_record
TN:
SF:C:/Users/stocker/Desktop/token/contracts/SafeUpgradeableTokenERC20DependenciesContracts.sol
FN:20,constructor
FN:28,owner
FN:35,onlyOwner
FN:43,isOwner
FN:51,transferOwnership
FN:59,_transferOwnership
FN:92,totalSupply
FN:101,balanceOf
FN:111,allowance
FN:120,transfer
FN:134,approve
FN:157,transferFrom
FN:176,increaseAllowance
FN:193,decreaseAllowance
FN:212,_transfer
FN:229,_mint
FN:245,_burn
FN:260,_approve
FN:276,_burnFrom
FN:292,constructor
FN:296,onlyPauser
FN:301,isPauser
FN:305,addPauser
FN:309,removePauser
FN:313,_addPauser
FN:319,_removePauser
FN:337,constructor
FN:344,paused
FN:351,whenNotPaused
FN:359,whenPaused
FN:367,pause
FN:375,unpause
FN:386,transfer
FN:390,transferFrom
FN:394,approve
FN:398,increaseAllowance
FN:402,decreaseAllowance
FN:418,constructor
FN:427,name
FN:434,symbol
FN:441,decimals
FN:454,isUpgradeAgent
FNF:42
FNH:42
FNDA:303,constructor
FNDA:2,owner
FNDA:32,onlyOwner
FNDA:38,isOwner
FNDA:7,transferOwnership
FNDA:7,_transferOwnership
FNDA:49,totalSupply
FNDA:67,balanceOf
FNDA:30,allowance
FNDA:30,transfer
FNDA:61,approve
FNDA:24,transferFrom
FNDA:12,increaseAllowance
FNDA:18,decreaseAllowance
FNDA:66,_transfer
FNDA:309,_mint
FNDA:87,_burn
FNDA:105,_approve
FNDA:16,_burnFrom
FNDA:303,constructor
FNDA:87,onlyPauser
FNDA:141,isPauser
FNDA:24,addPauser
FNDA:12,removePauser
FNDA:327,_addPauser
FNDA:12,_removePauser
FNDA:303,constructor
FNDA:53,paused
FNDA:190,whenNotPaused
FNDA:10,whenPaused
FNDA:33,pause
FNDA:8,unpause
FNDA:30,transfer
FNDA:24,transferFrom
FNDA:61,approve
FNDA:12,increaseAllowance
FNDA:18,decreaseAllowance
FNDA:303,constructor
FNDA:1,name
FNDA:1,symbol
FNDA:1,decimals
FNDA:48,isUpgradeAgent
DA:21,303
DA:22,303
DA:29,2
DA:36,32
DA:37,22
DA:44,38
DA:52,7
DA:60,7
DA:61,5
DA:62,3
DA:63,3
DA:93,49
DA:102,67
DA:112,30
DA:121,30
DA:122,26
DA:141,61
DA:144,57
DA:145,55
DA:158,24
DA:159,12
DA:160,12
DA:161,8
DA:163,10
DA:177,12
DA:178,10
DA:179,8
DA:194,18
DA:195,16
DA:196,10
DA:197,10
DA:198,4
DA:200,6
DA:202,10
DA:203,10
DA:213,66
DA:214,62
DA:215,56
DA:217,54
DA:218,42
DA:219,42
DA:230,309
DA:231,307
DA:232,305
DA:234,301
DA:235,299
DA:236,299
DA:246,87
DA:247,83
DA:249,81
DA:250,77
DA:251,73
DA:261,105
DA:262,103
DA:264,97
DA:265,97
DA:277,16
DA:278,12
DA:293,303
DA:297,87
DA:298,82
DA:302,141
DA:306,24
DA:310,12
DA:314,327
DA:315,327
DA:316,321
DA:320,12
DA:321,10
DA:322,10
DA:323,4
DA:338,303
DA:345,53
DA:352,190
DA:353,178
DA:360,10
DA:361,8
DA:368,33
DA:369,33
DA:376,8
DA:377,8
DA:387,30
DA:391,24
DA:395,61
DA:399,12
DA:403,18
DA:419,303
DA:420,303
DA:421,303
DA:428,1
DA:435,1
DA:442,1
DA:455,48
LF:93
LH:93
BRDA:36,1,0,22
BRDA:36,1,1,10
BRDA:60,2,0,5
BRDA:60,2,1,2
BRDA:61,3,0,3
BRDA:61,3,1,2
BRDA:141,4,0,57
BRDA:141,4,1,4
BRDA:160,5,0,8
BRDA:160,5,1,4
BRDA:177,6,0,10
BRDA:177,6,1,2
BRDA:194,7,0,16
BRDA:194,7,1,2
BRDA:195,8,0,10
BRDA:195,8,1,6
BRDA:197,9,0,4
BRDA:197,9,1,6
BRDA:213,10,0,62
BRDA:213,10,1,4
BRDA:214,11,0,56
BRDA:214,11,1,6
BRDA:215,12,0,54
BRDA:215,12,1,2
BRDA:230,13,0,307
BRDA:230,13,1,2
BRDA:231,14,0,305
BRDA:231,14,1,2
BRDA:232,15,0,301
BRDA:232,15,1,4
BRDA:246,16,0,83
BRDA:246,16,1,4
BRDA:247,17,0,81
BRDA:247,17,1,2
BRDA:261,18,0,103
BRDA:261,18,1,2
BRDA:262,19,0,97
BRDA:262,19,1,6
BRDA:297,20,0,82
BRDA:297,20,1,5
BRDA:320,21,0,10
BRDA:320,21,1,2
BRDA:352,22,0,178
BRDA:352,22,1,12
BRDA:360,23,0,8
BRDA:360,23,1,2
BRF:46
BRH:46
end_of_record
TN:
SF:C:/Users/stocker/Desktop/token/contracts/SafeUpgradeableTokenERC20DependenciesLibrariesAndInterfaces.sol
FN:33,mul
FN:50,div
FN:62,sub
FN:72,add
FN:83,mod
FN:101,add
FN:110,remove
FN:120,has
FN:137,isContract
FN:165,safeTransfer
FN:169,safeTransferFrom
FN:173,safeApprove
FN:184,safeIncreaseAllowance
FN:189,safeDecreaseAllowance
FN:200,callOptionalReturn
FNF:15
FNH:8
FNDA:0,mul
FNDA:0,div
FNDA:246,sub
FNDA:1034,add
FNDA:0,mod
FNDA:327,add
FNDA:10,remove
FNDA:478,has
FNDA:3,isContract
FNDA:3,safeTransfer
FNDA:0,safeTransferFrom
FNDA:0,safeApprove
FNDA:0,safeIncreaseAllowance
FNDA:0,safeDecreaseAllowance
FNDA:3,callOptionalReturn
DA:37,0
DA:38,0
DA:41,0
DA:42,0
DA:44,0
DA:52,0
DA:53,0
DA:56,0
DA:63,246
DA:64,222
DA:66,222
DA:73,1034
DA:74,1034
DA:76,1032
DA:84,0
DA:85,0
DA:102,327
DA:103,323
DA:104,321
DA:111,10
DA:112,4
DA:113,4
DA:121,478
DA:122,473
DA:138,3
DA:146,3
DA:147,3
DA:166,3
DA:170,0
DA:178,0
DA:181,0
DA:185,0
DA:186,0
DA:190,0
DA:191,0
DA:209,3
DA:212,3
DA:213,3
DA:215,1
DA:217,1
LF:40
LH:23
BRDA:37,1,0,0
BRDA:37,1,1,0
BRDA:42,2,0,0
BRDA:42,2,1,0
BRDA:52,3,0,0
BRDA:52,3,1,0
BRDA:63,4,0,222
BRDA:63,4,1,24
BRDA:74,5,0,1032
BRDA:74,5,1,2
BRDA:84,6,0,0
BRDA:84,6,1,0
BRDA:102,7,0,323
BRDA:102,7,1,4
BRDA:103,8,0,321
BRDA:103,8,1,2
BRDA:111,9,0,4
BRDA:111,9,1,6
BRDA:112,10,0,4
BRDA:112,10,1,0
BRDA:121,11,0,473
BRDA:121,11,1,5
BRDA:178,12,0,0
BRDA:178,12,1,0
BRDA:209,13,0,3
BRDA:209,13,1,0
BRDA:213,14,0,1
BRDA:213,14,1,2
BRDA:215,15,0,1
BRDA:215,15,1,0
BRDA:217,16,0,1
BRDA:217,16,1,0
BRF:32
BRH:18
end_of_record
TN:
SF:C:/Users/stocker/Desktop/token/contracts/SafeUpgradeableTokenERC20TestsMocks.sol
FN:6,constructor
FN:12,getPausersCount
FN:16,mint
FN:20,burn
FN:24,burnFrom
FN:28,transferInternal
FN:32,approveInternal
FN:36,onlyPauserMock
FN:40,upgradeFromRemote
FN:44,isOwnerRemote
FN:50,constructor
FN:55,
FN:59,kill
FN:66,constructor
FN:71,balanceOf
FNF:15
FNH:15
FNDA:303,constructor
FNDA:19,getPausersCount
FNDA:11,mint
FNDA:12,burn
FNDA:16,burnFrom
FNDA:12,transferInternal
FNDA:12,approveInternal
FNDA:1,onlyPauserMock
FNDA:5,upgradeFromRemote
FNDA:2,isOwnerRemote
FNDA:67,constructor
FNDA:5,
FNDA:1,kill
FNDA:2,constructor
FNDA:2,balanceOf
DA:13,19
DA:17,11
DA:21,12
DA:25,16
DA:29,12
DA:33,12
DA:41,5
DA:45,2
DA:52,67
DA:60,1
DA:61,1
DA:68,2
DA:72,2
LF:13
LH:13
BRDA:60,1,0,1
BRDA:60,1,1,0
BRF:2
BRH:1
end_of_record
